<?xml version="1.0" encoding="UTF-8"?>
<!-- Generated by org.testng.reporters.JUnitXMLReporter -->
<testsuite ignored="0" hostname="LAPTOP-C6O8K382" failures="1" tests="3" name="Error Validations Test" time="16.725" errors="0" timestamp="2025-11-01T02:32:16 EDT">
  <testcase classname="seleniumFrameworkDesign.tests.ErrorValidationsTest" name="loginWrongPassword" time="0.591">
    <skipped/>
  </testcase> <!-- loginWrongPassword -->
  <testcase classname="seleniumFrameworkDesign.tests.ErrorValidationsTest" name="loginWrongPassword" time="0.525">
    <failure type="java.lang.AssertionError" message="expected [Incorrect email or bla bla password.] but found [Incorrect email or password.]">
      <![CDATA[java.lang.AssertionError: expected [Incorrect email or bla bla password.] but found [Incorrect email or password.]
at seleniumFrameworkDesign.tests.ErrorValidationsTest.loginWrongPassword(ErrorValidationsTest.java:32)
at java.base/java.util.ArrayList.forEach(ArrayList.java:1596)
at java.base/java.util.concurrent.FutureTask.run(FutureTask.java:317)
at java.base/java.util.concurrent.ThreadPoolExecutor.runWorker(ThreadPoolExecutor.java:1144)
at java.base/java.util.concurrent.ThreadPoolExecutor$Worker.run(ThreadPoolExecutor.java:642)
at java.base/java.lang.Thread.run(Thread.java:1583)
... Removed 21 stack frames]]>
    </failure>
  </testcase> <!-- loginWrongPassword -->
  <testcase classname="seleniumFrameworkDesign.tests.ErrorValidationsTest" name="productErrorValidation" time="2.727"/>
</testsuite> <!-- Error Validations Test -->
