<?xml version="1.0" encoding="UTF-8"?>
<!-- Generated by org.testng.reporters.JUnitXMLReporter -->
<testsuite ignored="0" hostname="LAPTOP-C6O8K382" failures="0" tests="2" name="Error Validations Test" time="63.678" errors="0" timestamp="2025-11-09T18:25:02 EST">
  <testcase classname="seleniumFrameworkDesign.tests.ErrorValidationsTest" name="loginWrongPassword" time="0.57"/>
  <testcase classname="seleniumFrameworkDesign.tests.ErrorValidationsTest" name="productErrorValidation" time="54.086"/>
</testsuite> <!-- Error Validations Test -->
