<?xml version="1.0" encoding="UTF-8"?>
<!-- Generated by org.testng.reporters.JUnitXMLReporter -->
<testsuite ignored="0" hostname="LAPTOP-C6O8K382" failures="0" tests="4" name="Submit Order Test" time="109.713" errors="0" timestamp="2025-11-09T18:25:48 EST">
  <testcase classname="seleniumFrameworkDesign.tests.SubmitOrderTest" name="submitOrder" time="45.718"/>
  <testcase classname="seleniumFrameworkDesign.tests.SubmitOrderTest" name="submitOrder" time="45.534"/>
  <testcase classname="seleniumFrameworkDesign.tests.SubmitOrderTest" name="orderHistoryTest" time="0.865"/>
  <testcase classname="seleniumFrameworkDesign.tests.SubmitOrderTest" name="orderHistoryTest" time="0.813"/>
</testsuite> <!-- Submit Order Test -->
