<?xml version="1.0" encoding="UTF-8"?>
<!-- Generated by org.testng.reporters.JUnitXMLReporter -->
<testsuite ignored="0" hostname="LAPTOP-C6O8K382" failures="0" tests="3" name="Submit Order Test" time="20.358" errors="0" timestamp="2025-11-01T02:32:19 EDT">
  <testcase classname="seleniumFrameworkDesign.tests.SubmitOrderTest" name="submitOrder" time="3.552"/>
  <testcase classname="seleniumFrameworkDesign.tests.SubmitOrderTest" name="submitOrder" time="3.542"/>
  <testcase classname="seleniumFrameworkDesign.tests.SubmitOrderTest" name="orderHistoryTest" time="1.032"/>
</testsuite> <!-- Submit Order Test -->
