<?xml version="1.0" encoding="UTF-8"?>
<!-- Generated by org.testng.reporters.JUnitXMLReporter -->
<testsuite ignored="0" hostname="LAPTOP-C6O8K382" failures="0" tests="2" name="Error Validations Test" time="63.488" errors="0" timestamp="2025-11-02T21:21:56 EST">
  <testcase classname="seleniumFrameworkDesign.tests.ErrorValidationsTest" name="loginWrongPassword" time="0.629"/>
  <testcase classname="seleniumFrameworkDesign.tests.ErrorValidationsTest" name="productErrorValidation" time="54.012"/>
</testsuite> <!-- Error Validations Test -->
