<?xml version="1.0" encoding="UTF-8"?>
<!-- Generated by org.testng.reporters.JUnitXMLReporter -->
<testsuite ignored="0" hostname="LAPTOP-C6O8K382" failures="0" tests="3" name="Submit Order Test" time="104.494" errors="0" timestamp="2025-11-02T21:22:37 EST">
  <testcase classname="seleniumFrameworkDesign.tests.SubmitOrderTest" name="submitOrder" time="45.585"/>
  <testcase classname="seleniumFrameworkDesign.tests.SubmitOrderTest" name="submitOrder" time="45.536"/>
  <testcase classname="seleniumFrameworkDesign.tests.SubmitOrderTest" name="orderHistoryTest" time="0.831"/>
</testsuite> <!-- Submit Order Test -->
