<?xml version="1.0" encoding="UTF-8"?>
<testng-results ignored="0" total="5" passed="5" failed="0" skipped="0">
  <reporter-output>
  </reporter-output>
  <suite started-at="2025-11-02T21:20:52 EST" name="Suite" finished-at="2025-11-02T21:22:36 EST" duration-ms="104494">
    <groups>
      <group name="ErrorHandling">
        <method signature="ErrorValidationsTest.loginWrongPassword()[pri:0, instance:seleniumFrameworkDesign.tests.ErrorValidationsTest@6caf0677]" name="loginWrongPassword" class="seleniumFrameworkDesign.tests.ErrorValidationsTest"/>
      </group> <!-- ErrorHandling -->
    </groups>
    <test started-at="2025-11-02T21:20:52 EST" name="Error Validations Test" finished-at="2025-11-02T21:21:55 EST" duration-ms="63488">
      <class name="seleniumFrameworkDesign.tests.ErrorValidationsTest">
        <test-method is-config="true" signature="launchApplication()[pri:0, instance:seleniumFrameworkDesign.tests.ErrorValidationsTest@6caf0677]" started-at="2025-11-02T21:20:52 EST" name="launchApplication" finished-at="2025-11-02T21:20:57 EST" duration-ms="4635" status="PASS">
          <reporter-output>
          </reporter-output>
        </test-method> <!-- launchApplication -->
        <test-method signature="loginWrongPassword()[pri:0, instance:seleniumFrameworkDesign.tests.ErrorValidationsTest@6caf0677]" started-at="2025-11-02T21:20:57 EST" name="loginWrongPassword" finished-at="2025-11-02T21:20:57 EST" duration-ms="629" status="PASS">
          <reporter-output>
          </reporter-output>
        </test-method> <!-- loginWrongPassword -->
        <test-method is-config="true" signature="tearDown()[pri:0, instance:seleniumFrameworkDesign.tests.ErrorValidationsTest@6caf0677]" started-at="2025-11-02T21:20:57 EST" name="tearDown" finished-at="2025-11-02T21:20:57 EST" duration-ms="77" status="PASS">
          <reporter-output>
          </reporter-output>
        </test-method> <!-- tearDown -->
        <test-method is-config="true" signature="launchApplication()[pri:0, instance:seleniumFrameworkDesign.tests.ErrorValidationsTest@6caf0677]" started-at="2025-11-02T21:20:57 EST" name="launchApplication" finished-at="2025-11-02T21:21:01 EST" duration-ms="4068" status="PASS">
          <reporter-output>
          </reporter-output>
        </test-method> <!-- launchApplication -->
        <test-method signature="productErrorValidation()[pri:0, instance:seleniumFrameworkDesign.tests.ErrorValidationsTest@6caf0677]" started-at="2025-11-02T21:21:01 EST" name="productErrorValidation" finished-at="2025-11-02T21:21:55 EST" duration-ms="54012" status="PASS">
          <reporter-output>
          </reporter-output>
        </test-method> <!-- productErrorValidation -->
        <test-method is-config="true" signature="tearDown()[pri:0, instance:seleniumFrameworkDesign.tests.ErrorValidationsTest@6caf0677]" started-at="2025-11-02T21:21:55 EST" name="tearDown" finished-at="2025-11-02T21:21:55 EST" duration-ms="38" status="PASS">
          <reporter-output>
          </reporter-output>
        </test-method> <!-- tearDown -->
      </class> <!-- seleniumFrameworkDesign.tests.ErrorValidationsTest -->
    </test> <!-- Error Validations Test -->
    <test started-at="2025-11-02T21:20:52 EST" name="Submit Order Test" finished-at="2025-11-02T21:22:36 EST" duration-ms="104494">
      <class name="seleniumFrameworkDesign.tests.SubmitOrderTest">
        <test-method is-config="true" signature="launchApplication()[pri:0, instance:seleniumFrameworkDesign.tests.SubmitOrderTest@1e0b4072]" started-at="2025-11-02T21:20:52 EST" name="launchApplication" finished-at="2025-11-02T21:20:57 EST" duration-ms="4393" status="PASS">
          <reporter-output>
          </reporter-output>
        </test-method> <!-- launchApplication -->
        <test-method signature="submitOrder(java.util.HashMap)[pri:0, instance:seleniumFrameworkDesign.tests.SubmitOrderTest@1e0b4072]" started-at="2025-11-02T21:20:57 EST" name="submitOrder" data-provider="getData" finished-at="2025-11-02T21:21:42 EST" duration-ms="45585" status="PASS">
          <params>
            <param index="0">
              <value>
                <![CDATA[{password=MyTest123, email=marharyta@gmail.com, productName=ZARA COAT 3}]]>
              </value>
            </param>
          </params>
          <reporter-output>
          </reporter-output>
        </test-method> <!-- submitOrder -->
        <test-method is-config="true" signature="tearDown()[pri:0, instance:seleniumFrameworkDesign.tests.SubmitOrderTest@1e0b4072]" started-at="2025-11-02T21:21:42 EST" name="tearDown" finished-at="2025-11-02T21:21:42 EST" duration-ms="45" status="PASS">
          <reporter-output>
          </reporter-output>
        </test-method> <!-- tearDown -->
        <test-method is-config="true" signature="launchApplication()[pri:0, instance:seleniumFrameworkDesign.tests.SubmitOrderTest@1e0b4072]" started-at="2025-11-02T21:21:42 EST" name="launchApplication" finished-at="2025-11-02T21:21:46 EST" duration-ms="3821" status="PASS">
          <reporter-output>
          </reporter-output>
        </test-method> <!-- launchApplication -->
        <test-method signature="submitOrder(java.util.HashMap)[pri:0, instance:seleniumFrameworkDesign.tests.SubmitOrderTest@1e0b4072]" started-at="2025-11-02T21:21:46 EST" name="submitOrder" data-provider="getData" finished-at="2025-11-02T21:22:32 EST" duration-ms="45536" status="PASS">
          <params>
            <param index="0">
              <value>
                <![CDATA[{password=MyTest1234, email=margo@gmail.com, productName=ADIDAS ORIGINAL}]]>
              </value>
            </param>
          </params>
          <reporter-output>
          </reporter-output>
        </test-method> <!-- submitOrder -->
        <test-method is-config="true" signature="tearDown()[pri:0, instance:seleniumFrameworkDesign.tests.SubmitOrderTest@1e0b4072]" started-at="2025-11-02T21:22:32 EST" name="tearDown" finished-at="2025-11-02T21:22:32 EST" duration-ms="61" status="PASS">
          <reporter-output>
          </reporter-output>
        </test-method> <!-- tearDown -->
        <test-method is-config="true" signature="launchApplication()[pri:0, instance:seleniumFrameworkDesign.tests.SubmitOrderTest@1e0b4072]" started-at="2025-11-02T21:22:32 EST" name="launchApplication" finished-at="2025-11-02T21:22:36 EST" duration-ms="3954" status="PASS">
          <reporter-output>
          </reporter-output>
        </test-method> <!-- launchApplication -->
        <test-method signature="orderHistoryTest()[pri:0, instance:seleniumFrameworkDesign.tests.SubmitOrderTest@1e0b4072]" started-at="2025-11-02T21:22:36 EST" name="orderHistoryTest" finished-at="2025-11-02T21:22:36 EST" depends-on-methods="seleniumFrameworkDesign.tests.SubmitOrderTest.submitOrder" duration-ms="831" status="PASS">
          <reporter-output>
          </reporter-output>
        </test-method> <!-- orderHistoryTest -->
        <test-method is-config="true" signature="tearDown()[pri:0, instance:seleniumFrameworkDesign.tests.SubmitOrderTest@1e0b4072]" started-at="2025-11-02T21:22:36 EST" name="tearDown" finished-at="2025-11-02T21:22:36 EST" duration-ms="48" status="PASS">
          <reporter-output>
          </reporter-output>
        </test-method> <!-- tearDown -->
      </class> <!-- seleniumFrameworkDesign.tests.SubmitOrderTest -->
    </test> <!-- Submit Order Test -->
  </suite> <!-- Suite -->
</testng-results>
