<?xml version="1.0" encoding="UTF-8"?>
<testng-results ignored="0" total="6" passed="6" failed="0" skipped="0">
  <reporter-output>
  </reporter-output>
  <suite started-at="2025-11-09T18:23:58 EST" name="Suite" finished-at="2025-11-09T18:25:48 EST" duration-ms="109713">
    <groups>
      <group name="ErrorHandling">
        <method signature="ErrorValidationsTest.loginWrongPassword()[pri:0, instance:seleniumFrameworkDesign.tests.ErrorValidationsTest@52815fa3]" name="loginWrongPassword" class="seleniumFrameworkDesign.tests.ErrorValidationsTest"/>
      </group> <!-- ErrorHandling -->
    </groups>
    <test started-at="2025-11-09T18:23:58 EST" name="Error Validations Test" finished-at="2025-11-09T18:25:02 EST" duration-ms="63678">
      <class name="seleniumFrameworkDesign.tests.ErrorValidationsTest">
        <test-method is-config="true" signature="launchApplication()[pri:0, instance:seleniumFrameworkDesign.tests.ErrorValidationsTest@52815fa3]" started-at="2025-11-09T18:23:58 EST" name="launchApplication" finished-at="2025-11-09T18:24:03 EST" duration-ms="4747" status="PASS">
          <reporter-output>
          </reporter-output>
        </test-method> <!-- launchApplication -->
        <test-method signature="loginWrongPassword()[pri:0, instance:seleniumFrameworkDesign.tests.ErrorValidationsTest@52815fa3]" started-at="2025-11-09T18:24:03 EST" name="loginWrongPassword" finished-at="2025-11-09T18:24:03 EST" duration-ms="570" status="PASS">
          <reporter-output>
          </reporter-output>
        </test-method> <!-- loginWrongPassword -->
        <test-method is-config="true" signature="tearDown()[pri:0, instance:seleniumFrameworkDesign.tests.ErrorValidationsTest@52815fa3]" started-at="2025-11-09T18:24:03 EST" name="tearDown" finished-at="2025-11-09T18:24:04 EST" duration-ms="73" status="PASS">
          <reporter-output>
          </reporter-output>
        </test-method> <!-- tearDown -->
        <test-method is-config="true" signature="launchApplication()[pri:0, instance:seleniumFrameworkDesign.tests.ErrorValidationsTest@52815fa3]" started-at="2025-11-09T18:24:04 EST" name="launchApplication" finished-at="2025-11-09T18:24:08 EST" duration-ms="4105" status="PASS">
          <reporter-output>
          </reporter-output>
        </test-method> <!-- launchApplication -->
        <test-method signature="productErrorValidation()[pri:0, instance:seleniumFrameworkDesign.tests.ErrorValidationsTest@52815fa3]" started-at="2025-11-09T18:24:08 EST" name="productErrorValidation" finished-at="2025-11-09T18:25:02 EST" duration-ms="54086" status="PASS">
          <reporter-output>
          </reporter-output>
        </test-method> <!-- productErrorValidation -->
        <test-method is-config="true" signature="tearDown()[pri:0, instance:seleniumFrameworkDesign.tests.ErrorValidationsTest@52815fa3]" started-at="2025-11-09T18:25:02 EST" name="tearDown" finished-at="2025-11-09T18:25:02 EST" duration-ms="48" status="PASS">
          <reporter-output>
          </reporter-output>
        </test-method> <!-- tearDown -->
      </class> <!-- seleniumFrameworkDesign.tests.ErrorValidationsTest -->
    </test> <!-- Error Validations Test -->
    <test started-at="2025-11-09T18:23:58 EST" name="Submit Order Test" finished-at="2025-11-09T18:25:48 EST" duration-ms="109713">
      <class name="seleniumFrameworkDesign.tests.SubmitOrderTest">
        <test-method is-config="true" signature="launchApplication()[pri:0, instance:seleniumFrameworkDesign.tests.SubmitOrderTest@62656be4]" started-at="2025-11-09T18:23:58 EST" name="launchApplication" finished-at="2025-11-09T18:24:03 EST" duration-ms="4506" status="PASS">
          <reporter-output>
          </reporter-output>
        </test-method> <!-- launchApplication -->
        <test-method signature="submitOrder(java.util.HashMap)[pri:0, instance:seleniumFrameworkDesign.tests.SubmitOrderTest@62656be4]" started-at="2025-11-09T18:24:03 EST" name="submitOrder" data-provider="getJsonData" finished-at="2025-11-09T18:24:49 EST" duration-ms="45718" status="PASS">
          <params>
            <param index="0">
              <value>
                <![CDATA[{password=MyTest123, email=marharyta@gmail.com, productName=ZARA COAT 3}]]>
              </value>
            </param>
          </params>
          <reporter-output>
          </reporter-output>
        </test-method> <!-- submitOrder -->
        <test-method is-config="true" signature="tearDown()[pri:0, instance:seleniumFrameworkDesign.tests.SubmitOrderTest@62656be4]" started-at="2025-11-09T18:24:49 EST" name="tearDown" finished-at="2025-11-09T18:24:49 EST" duration-ms="46" status="PASS">
          <reporter-output>
          </reporter-output>
        </test-method> <!-- tearDown -->
        <test-method is-config="true" signature="launchApplication()[pri:0, instance:seleniumFrameworkDesign.tests.SubmitOrderTest@62656be4]" started-at="2025-11-09T18:24:49 EST" name="launchApplication" finished-at="2025-11-09T18:24:52 EST" duration-ms="3765" status="PASS">
          <reporter-output>
          </reporter-output>
        </test-method> <!-- launchApplication -->
        <test-method signature="submitOrder(java.util.HashMap)[pri:0, instance:seleniumFrameworkDesign.tests.SubmitOrderTest@62656be4]" started-at="2025-11-09T18:24:52 EST" name="submitOrder" data-provider="getJsonData" finished-at="2025-11-09T18:25:38 EST" duration-ms="45534" status="PASS">
          <params>
            <param index="0">
              <value>
                <![CDATA[{password=MyTest1234, email=margo@gmail.com, productName=ADIDAS ORIGINAL}]]>
              </value>
            </param>
          </params>
          <reporter-output>
          </reporter-output>
        </test-method> <!-- submitOrder -->
        <test-method is-config="true" signature="tearDown()[pri:0, instance:seleniumFrameworkDesign.tests.SubmitOrderTest@62656be4]" started-at="2025-11-09T18:25:38 EST" name="tearDown" finished-at="2025-11-09T18:25:38 EST" duration-ms="45" status="PASS">
          <reporter-output>
          </reporter-output>
        </test-method> <!-- tearDown -->
        <test-method is-config="true" signature="launchApplication()[pri:0, instance:seleniumFrameworkDesign.tests.SubmitOrderTest@62656be4]" started-at="2025-11-09T18:25:38 EST" name="launchApplication" finished-at="2025-11-09T18:25:42 EST" duration-ms="4055" status="PASS">
          <reporter-output>
          </reporter-output>
        </test-method> <!-- launchApplication -->
        <test-method signature="orderHistoryTest(java.lang.String,java.lang.String,java.lang.String)[pri:0, instance:seleniumFrameworkDesign.tests.SubmitOrderTest@62656be4]" started-at="2025-11-09T18:25:42 EST" name="orderHistoryTest" data-provider="getExcelData" finished-at="2025-11-09T18:25:43 EST" depends-on-methods="seleniumFrameworkDesign.tests.SubmitOrderTest.submitOrder" duration-ms="865" status="PASS">
          <params>
            <param index="0">
              <value>
                <![CDATA[marharyta@gmail.com]]>
              </value>
            </param>
            <param index="1">
              <value>
                <![CDATA[MyTest123]]>
              </value>
            </param>
            <param index="2">
              <value>
                <![CDATA[ZARA COAT 3]]>
              </value>
            </param>
          </params>
          <reporter-output>
          </reporter-output>
        </test-method> <!-- orderHistoryTest -->
        <test-method is-config="true" signature="tearDown()[pri:0, instance:seleniumFrameworkDesign.tests.SubmitOrderTest@62656be4]" started-at="2025-11-09T18:25:43 EST" name="tearDown" finished-at="2025-11-09T18:25:43 EST" duration-ms="39" status="PASS">
          <reporter-output>
          </reporter-output>
        </test-method> <!-- tearDown -->
        <test-method is-config="true" signature="launchApplication()[pri:0, instance:seleniumFrameworkDesign.tests.SubmitOrderTest@62656be4]" started-at="2025-11-09T18:25:43 EST" name="launchApplication" finished-at="2025-11-09T18:25:47 EST" duration-ms="3593" status="PASS">
          <reporter-output>
          </reporter-output>
        </test-method> <!-- launchApplication -->
        <test-method signature="orderHistoryTest(java.lang.String,java.lang.String,java.lang.String)[pri:0, instance:seleniumFrameworkDesign.tests.SubmitOrderTest@62656be4]" started-at="2025-11-09T18:25:47 EST" name="orderHistoryTest" data-provider="getExcelData" finished-at="2025-11-09T18:25:48 EST" depends-on-methods="seleniumFrameworkDesign.tests.SubmitOrderTest.submitOrder" duration-ms="813" status="PASS">
          <params>
            <param index="0">
              <value>
                <![CDATA[margo@gmail.com]]>
              </value>
            </param>
            <param index="1">
              <value>
                <![CDATA[MyTest1234]]>
              </value>
            </param>
            <param index="2">
              <value>
                <![CDATA[ADIDAS ORIGINAL]]>
              </value>
            </param>
          </params>
          <reporter-output>
          </reporter-output>
        </test-method> <!-- orderHistoryTest -->
        <test-method is-config="true" signature="tearDown()[pri:0, instance:seleniumFrameworkDesign.tests.SubmitOrderTest@62656be4]" started-at="2025-11-09T18:25:48 EST" name="tearDown" finished-at="2025-11-09T18:25:48 EST" duration-ms="43" status="PASS">
          <reporter-output>
          </reporter-output>
        </test-method> <!-- tearDown -->
      </class> <!-- seleniumFrameworkDesign.tests.SubmitOrderTest -->
    </test> <!-- Submit Order Test -->
  </suite> <!-- Suite -->
</testng-results>
