<?xml version="1.0" encoding="UTF-8"?>
<!-- Generated by org.testng.reporters.JUnitReportReporter -->
<testsuite hostname="LAPTOP-C6O8K382" failures="0" tests="4" name="seleniumFrameworkDesign.tests.SubmitOrderTest" time="109.022" errors="0" timestamp="2025-11-09T18:25:48 EST" skipped="0">
  <testcase classname="seleniumFrameworkDesign.tests.SubmitOrderTest" name="submitOrder" time="49.528"/>
  <testcase classname="seleniumFrameworkDesign.tests.SubmitOrderTest" name="orderHistoryTest" time="5.414"/>
  <testcase classname="seleniumFrameworkDesign.tests.SubmitOrderTest" name="submitOrder" time="49.635"/>
  <testcase classname="seleniumFrameworkDesign.tests.SubmitOrderTest" name="orderHistoryTest" time="4.445"/>
</testsuite> <!-- seleniumFrameworkDesign.tests.SubmitOrderTest -->
