<?xml version="1.0" encoding="UTF-8"?>
<!-- Generated by org.testng.reporters.JUnitReportReporter -->
<testsuite hostname="LAPTOP-C6O8K382" failures="0" tests="3" name="seleniumFrameworkDesign.tests.SubmitOrderTest" time="20.104" errors="0" timestamp="2025-11-01T02:32:19 EDT" skipped="0">
  <testcase classname="seleniumFrameworkDesign.tests.SubmitOrderTest" name="submitOrder" time="7.181"/>
  <testcase classname="seleniumFrameworkDesign.tests.SubmitOrderTest" name="submitOrder" time="7.559"/>
  <testcase classname="seleniumFrameworkDesign.tests.SubmitOrderTest" name="orderHistoryTest" time="5.364"/>
</testsuite> <!-- seleniumFrameworkDesign.tests.SubmitOrderTest -->
