<?xml version="1.0" encoding="UTF-8"?>
<!-- Generated by org.testng.reporters.JUnitReportReporter -->
<testsuite hostname="LAPTOP-C6O8K382" failures="0" tests="2" name="seleniumFrameworkDesign.tests.ErrorValidationsTest" time="63.629" errors="0" timestamp="2025-11-09T18:25:48 EST" skipped="0">
  <testcase classname="seleniumFrameworkDesign.tests.ErrorValidationsTest" name="productErrorValidation" time="58.264"/>
  <testcase classname="seleniumFrameworkDesign.tests.ErrorValidationsTest" name="loginWrongPassword" time="5.365"/>
</testsuite> <!-- seleniumFrameworkDesign.tests.ErrorValidationsTest -->
