<?xml version="1.0" encoding="UTF-8"?>
<!-- Generated by org.testng.reporters.JUnitReportReporter -->
<testsuite hostname="LAPTOP-C6O8K382" failures="0" tests="2" name="seleniumFrameworkDesign.tests.ErrorValidationsTest" time="63.459" errors="0" timestamp="2025-11-02T21:22:37 EST" skipped="0">
  <testcase classname="seleniumFrameworkDesign.tests.ErrorValidationsTest" name="loginWrongPassword" time="5.341"/>
  <testcase classname="seleniumFrameworkDesign.tests.ErrorValidationsTest" name="productErrorValidation" time="58.118"/>
</testsuite> <!-- seleniumFrameworkDesign.tests.ErrorValidationsTest -->
