<?xml version="1.0" encoding="UTF-8"?>
<!-- Generated by org.testng.reporters.JUnitReportReporter -->
<testsuite hostname="LAPTOP-C6O8K382" failures="0" tests="3" name="seleniumFrameworkDesign.tests.SubmitOrderTest" time="104.274" errors="0" timestamp="2025-11-02T21:22:37 EST" skipped="0">
  <testcase classname="seleniumFrameworkDesign.tests.SubmitOrderTest" name="submitOrder" time="49.418"/>
  <testcase classname="seleniumFrameworkDesign.tests.SubmitOrderTest" name="submitOrder" time="50.023"/>
  <testcase classname="seleniumFrameworkDesign.tests.SubmitOrderTest" name="orderHistoryTest" time="4.833"/>
</testsuite> <!-- seleniumFrameworkDesign.tests.SubmitOrderTest -->
